  Header.cpp
C:\Users\admin\source\repos\Planner\Header.h(29,5): error C2143: syntax error: missing ';' before '<'
C:\Users\admin\source\repos\Planner\Header.h(29,5): error C4430: missing type specifier - int assumed. Note: C++ does not support default-int
C:\Users\admin\source\repos\Planner\Header.cpp(8,1): error C2084: function 'void SetColor(int,int)' already has a body
C:\Users\admin\source\repos\Planner\Header.h(38): message : see previous definition of 'SetColor'
C:\Users\admin\source\repos\Planner\Header.cpp(12,19): error C2011: 'ConsoleColor': 'enum' type redefinition
C:\Users\admin\source\repos\Planner\Header.h(42): message : see declaration of 'ConsoleColor'
C:\Users\admin\source\repos\Planner\Header.cpp(31,1): error C2084: function 'void addNewEvent(void)' already has a body
C:\Users\admin\source\repos\Planner\Header.h(30): message : see previous definition of 'addNewEvent'
C:\Users\admin\source\repos\Planner\Header.cpp(57,2): error C2065: 'eventArr': undeclared identifier
C:\Users\admin\source\repos\Planner\Header.cpp(60,1): error C2084: function 'void showEvents(void)' already has a body
C:\Users\admin\source\repos\Planner\Header.h(34): message : see previous definition of 'showEvents'
C:\Users\admin\source\repos\Planner\Header.cpp(62,20): error C2065: 'eventArr': undeclared identifier
C:\Users\admin\source\repos\Planner\Header.cpp(63,2): error C2672: 'begin': no matching overloaded function found
C:\Users\admin\source\repos\Planner\Header.cpp(62,2): error C2893: Failed to specialize function template 'unknown-type std::begin(_Container &)'
C:\Program Files (x86)\Microsoft Visual Studio\2019\Community\VC\Tools\MSVC\14.24.28314\include\xutility(1903): message : see declaration of 'std::begin'
C:\Users\admin\source\repos\Planner\Header.cpp(62,2): message : With the following template arguments:
C:\Users\admin\source\repos\Planner\Header.cpp(62,2): message : '_Container=unknown-type'
C:\Users\admin\source\repos\Planner\Header.cpp(62,2): error C2784: 'const _Elem *std::begin(std::initializer_list<_Elem>) noexcept': could not deduce template argument for 'std::initializer_list<_Elem>' from 'unknown-type'
C:\Program Files (x86)\Microsoft Visual Studio\2019\Community\VC\Tools\MSVC\14.24.28314\include\initializer_list(57): message : see declaration of 'std::begin'
C:\Users\admin\source\repos\Planner\Header.cpp(63,2): error C2672: 'end': no matching overloaded function found
C:\Users\admin\source\repos\Planner\Header.cpp(62,2): error C2893: Failed to specialize function template 'unknown-type std::end(_Container &)'
C:\Program Files (x86)\Microsoft Visual Studio\2019\Community\VC\Tools\MSVC\14.24.28314\include\xutility(1913): message : see declaration of 'std::end'
C:\Users\admin\source\repos\Planner\Header.cpp(62,2): message : With the following template arguments:
C:\Users\admin\source\repos\Planner\Header.cpp(62,2): message : '_Container=unknown-type'
C:\Users\admin\source\repos\Planner\Header.cpp(62,2): error C2784: 'const _Elem *std::end(std::initializer_list<_Elem>) noexcept': could not deduce template argument for 'std::initializer_list<_Elem>' from 'unknown-type'
C:\Program Files (x86)\Microsoft Visual Studio\2019\Community\VC\Tools\MSVC\14.24.28314\include\initializer_list(63): message : see declaration of 'std::end'
C:\Users\admin\source\repos\Planner\Header.cpp(62,2): error C3536: '<begin>$L0': cannot be used before it is initialized
C:\Users\admin\source\repos\Planner\Header.cpp(62,2): error C3536: '<end>$L0': cannot be used before it is initialized
C:\Users\admin\source\repos\Planner\Header.cpp(63,2): error C2100: illegal indirection
C:\Users\admin\source\repos\Planner\Header.cpp(63,2): error C2440: 'initializing': cannot convert from 'int' to 'event'
C:\Users\admin\source\repos\Planner\Header.cpp(62,2): message : No constructor could take the source type, or constructor overload resolution was ambiguous
  Planner.cpp
C:\Users\admin\source\repos\Planner\Header.h(29,5): error C2143: syntax error: missing ';' before '<'
C:\Users\admin\source\repos\Planner\Header.h(29,5): error C4430: missing type specifier - int assumed. Note: C++ does not support default-int
C:\Users\admin\source\repos\Planner\Planner.cpp(29,8): error C2065: 'eventArr': undeclared identifier
C:\Users\admin\source\repos\Planner\Planner.cpp(35,13): error C2065: 'eventArr': undeclared identifier
C:\Users\admin\source\repos\Planner\Planner.cpp(41,13): error C2065: 'eventArr': undeclared identifier
  Generating Code...
